<?xml version="1.0" encoding="UTF-8"?>
<testsuite name="org.openmuc.framework.datalogger.ascii.test.LogFileReaderTestBrokenFile" tests="2" skipped="0" failures="0" errors="0" timestamp="2025-11-13T02:19:16" hostname="shou-ThinkPad-E14-Gen-5" time="0.103">
  <properties/>
  <testcase name="tc203_no_file_in_directory()" classname="org.openmuc.framework.datalogger.ascii.test.LogFileReaderTestBrokenFile" time="0.083"/>
  <testcase name="tc200_logfile_does_not_exist()" classname="org.openmuc.framework.datalogger.ascii.test.LogFileReaderTestBrokenFile" time="0.019"/>
  <system-out><![CDATA[09:19:16.637 [Test worker] ERROR org.openmuc.framework.datalogger.ascii.utils.LoggerUtils - No file found in /home/shou/Documents/ATEnergy/openmuc/projects/datalogger/ascii/test/
### Begin test tc200_logfile_does_not_exist
09:19:16.666 [Test worker] WARN org.openmuc.framework.datalogger.ascii.utils.LoggerUtils - Requested logfile: '/home/shou/Documents/ATEnergy/openmuc/projects/datalogger/ascii/test/20131201_1000.dat' not found.
tc200_logfile_does_not_exist records = 0 (0 expected)
tearing down
Method deleteRecursive(): Path does not exists. /home/shou/Documents/ATEnergy/openmuc/projects/datalogger/ascii/test
]]></system-out>
  <system-err><![CDATA[]]></system-err>
</testsuite>
