<?xml version="1.0" encoding="UTF-8"?>
<testsuite name="org.openmuc.framework.datalogger.ascii.test.LogFileWriterTest" tests="2" skipped="0" failures="0" errors="0" timestamp="2025-11-13T02:19:17" hostname="shou-ThinkPad-E14-Gen-5" time="0.004">
  <properties/>
  <testcase name="tc301_check_file_fill_up_at_logging()" classname="org.openmuc.framework.datalogger.ascii.test.LogFileWriterTest" time="0.003"/>
  <testcase name="tc300_check_if_new_file_is_created_on_day_change()" classname="org.openmuc.framework.datalogger.ascii.test.LogFileWriterTest" time="0.001"/>
  <system-out><![CDATA[### Setup() LogFileWriterTest
09:19:17.055 [Test worker] ERROR org.openmuc.framework.datalogger.ascii.LogFileWriter - Wrong character: String contains separator character: ;	
09:19:17.056 [Test worker] ERROR org.openmuc.framework.datalogger.ascii.LogFileWriter - Wrong character: String contains separator character: ;	
09:19:17.056 [Test worker] ERROR org.openmuc.framework.datalogger.ascii.LogFileWriter - Wrong character: String contains separator character: ;	
09:19:17.057 [Test worker] ERROR org.openmuc.framework.datalogger.ascii.LogFileWriter - Wrong character: String contains separator character: ;	
09:19:17.057 [Test worker] ERROR org.openmuc.framework.datalogger.ascii.LogFileWriter - Wrong character: String contains separator character: ;	
09:19:17.057 [Test worker] ERROR org.openmuc.framework.datalogger.ascii.LogFileWriter - Wrong character: String contains separator character: ;	
09:19:17.058 [Test worker] ERROR org.openmuc.framework.datalogger.ascii.LogFileWriter - Wrong character: String contains separator character: ;	
09:19:17.058 [Test worker] ERROR org.openmuc.framework.datalogger.ascii.LogFileWriter - Wrong character: String contains separator character: ;	
09:19:17.058 [Test worker] ERROR org.openmuc.framework.datalogger.ascii.LogFileWriter - Wrong character: String contains separator character: ;	
09:19:17.059 [Test worker] ERROR org.openmuc.framework.datalogger.ascii.LogFileWriter - Wrong character: String contains separator character: ;	
09:19:17.059 [Test worker] ERROR org.openmuc.framework.datalogger.ascii.LogFileWriter - Wrong character: String contains separator character: ;	
09:19:17.059 [Test worker] ERROR org.openmuc.framework.datalogger.ascii.LogFileWriter - Wrong character: String contains separator character: ;	
09:19:17.060 [Test worker] ERROR org.openmuc.framework.datalogger.ascii.LogFileWriter - Wrong character: String contains separator character: ;	
09:19:17.060 [Test worker] ERROR org.openmuc.framework.datalogger.ascii.LogFileWriter - Wrong character: String contains separator character: ;	
09:19:17.060 [Test worker] ERROR org.openmuc.framework.datalogger.ascii.LogFileWriter - Wrong character: String contains separator character: ;	
09:19:17.061 [Test worker] ERROR org.openmuc.framework.datalogger.ascii.LogFileWriter - Wrong character: String contains separator character: ;	
09:19:17.061 [Test worker] ERROR org.openmuc.framework.datalogger.ascii.LogFileWriter - Wrong character: String contains separator character: ;	
09:19:17.062 [Test worker] ERROR org.openmuc.framework.datalogger.ascii.LogFileWriter - Wrong character: String contains separator character: ;	
09:19:17.062 [Test worker] ERROR org.openmuc.framework.datalogger.ascii.LogFileWriter - Wrong character: String contains separator character: ;	
09:19:17.062 [Test worker] ERROR org.openmuc.framework.datalogger.ascii.LogFileWriter - Wrong character: String contains separator character: ;	
09:19:17.063 [Test worker] ERROR org.openmuc.framework.datalogger.ascii.LogFileWriter - Wrong character: String contains separator character: ;	
09:19:17.063 [Test worker] ERROR org.openmuc.framework.datalogger.ascii.LogFileWriter - Wrong character: String contains separator character: ;	
09:19:17.063 [Test worker] ERROR org.openmuc.framework.datalogger.ascii.LogFileWriter - Wrong character: String contains separator character: ;	
09:19:17.064 [Test worker] ERROR org.openmuc.framework.datalogger.ascii.LogFileWriter - Wrong character: String contains separator character: ;	
09:19:17.064 [Test worker] ERROR org.openmuc.framework.datalogger.ascii.LogFileWriter - Wrong character: String contains separator character: ;	
09:19:17.064 [Test worker] ERROR org.openmuc.framework.datalogger.ascii.LogFileWriter - Wrong character: String contains separator character: ;	
09:19:17.065 [Test worker] ERROR org.openmuc.framework.datalogger.ascii.LogFileWriter - Wrong character: String contains separator character: ;	
09:19:17.065 [Test worker] ERROR org.openmuc.framework.datalogger.ascii.LogFileWriter - Wrong character: String contains separator character: ;	
09:19:17.065 [Test worker] ERROR org.openmuc.framework.datalogger.ascii.LogFileWriter - Wrong character: String contains separator character: ;	
09:19:17.066 [Test worker] ERROR org.openmuc.framework.datalogger.ascii.LogFileWriter - Wrong character: String contains separator character: ;	
### Begin test tc301_check_file_fill_up_at_logging
tc301_check_file_fill_up_at_logging
 records = 5 (5 expected)
 records with error flag 32 = 4 (4 expected)
### Begin test tc300_check_if_new_file_is_created_on_day_change
tc300_check_if_new_file_is_created_on_day_change
 /home/shou/Documents/ATEnergy/openmuc/projects/datalogger/ascii/test/20880808_10000.dat
 /home/shou/Documents/ATEnergy/openmuc/projects/datalogger/ascii/test/20880809_10000.dat
 Two files created = true
tearing down
]]></system-out>
  <system-err><![CDATA[]]></system-err>
</testsuite>
