<?xml version="1.0" encoding="UTF-8"?>
<testsuite name="org.openmuc.framework.driver.modbus.ModbusConnectionRecoverableBackoffTest" tests="2" skipped="0" failures="0" errors="0" timestamp="2026-06-03T07:53:07.675Z" hostname="DESKTOP-SGFC2SA" time="0.213">
  <properties/>
  <testcase name="skipsOnlyFailedUnitDuringRecoverableBackoff()" classname="org.openmuc.framework.driver.modbus.ModbusConnectionRecoverableBackoffTest" time="0.204"/>
  <testcase name="successfulReadAfterBackoffClearsFailedUnit()" classname="org.openmuc.framework.driver.modbus.ModbusConnectionRecoverableBackoffTest" time="0.005"/>
  <system-out><![CDATA[]]></system-out>
  <system-err><![CDATA[SLF4J: No SLF4J providers were found.
SLF4J: Defaulting to no-operation (NOP) logger implementation
SLF4J: See https://www.slf4j.org/codes.html#noProviders for further details.
SLF4J: Class path contains SLF4J bindings targeting slf4j-api versions 1.7.x or earlier.
SLF4J: Ignoring binding found at [jar:file:/C:/Users/shou/.gradle/caches/modules-2/files-2.1/ch.qos.logback/logback-classic/1.2.13/e9f3458e7354fe4917081237c01fa4999f4e1b86/logback-classic-1.2.13.jar!/org/slf4j/impl/StaticLoggerBinder.class]
SLF4J: See https://www.slf4j.org/codes.html#ignoredBindings for an explanation.
]]></system-err>
</testsuite>
