<?xml version="1.0" encoding="UTF-8"?>
<testsuite name="org.openmuc.framework.data.RecordTest" tests="4" skipped="0" failures="0" errors="0" timestamp="2025-11-13T02:19:13" hostname="shou-ThinkPad-E14-Gen-5" time="0.045">
  <properties/>
  <testcase name="equalsWorks_recordsEqual()" classname="org.openmuc.framework.data.RecordTest" time="0.029"/>
  <testcase name="hashCodeWorks()" classname="org.openmuc.framework.data.RecordTest" time="0.004"/>
  <testcase name="equalsWorks_recordsNotEqual_differentType()" classname="org.openmuc.framework.data.RecordTest" time="0.007"/>
  <testcase name="equalsWorks_recordsNotEqual_sameType()" classname="org.openmuc.framework.data.RecordTest" time="0.001"/>
  <system-out><![CDATA[]]></system-out>
  <system-err><![CDATA[]]></system-err>
</testsuite>
