<?xml version="1.0" encoding="UTF-8"?>
<testsuite name="org.openmuc.framework.data.ValueTest" tests="9" skipped="0" failures="0" errors="0" timestamp="2025-10-21T01:39:25" hostname="shou-Dell-G15-5511" time="0.007">
  <properties/>
  <testcase name="booleanValueEqualsHashCodeTest()" classname="org.openmuc.framework.data.ValueTest" time="0.001"/>
  <testcase name="byteValueEqualsHashCodeTest()" classname="org.openmuc.framework.data.ValueTest" time="0.001"/>
  <testcase name="stringValueEqualsHashCodeTest()" classname="org.openmuc.framework.data.ValueTest" time="0.001"/>
  <testcase name="longValueEqualsHashCodeTest()" classname="org.openmuc.framework.data.ValueTest" time="0.001"/>
  <testcase name="floatValueEqualsHashCodeTest()" classname="org.openmuc.framework.data.ValueTest" time="0.0"/>
  <testcase name="byteArrayValueEqualsHashCodeTest()" classname="org.openmuc.framework.data.ValueTest" time="0.0"/>
  <testcase name="shortValueEqualsHashCodeTest()" classname="org.openmuc.framework.data.ValueTest" time="0.0"/>
  <testcase name="doubleValueEqualsHashCodeTest()" classname="org.openmuc.framework.data.ValueTest" time="0.001"/>
  <testcase name="intValueEqualsHashCodeTest()" classname="org.openmuc.framework.data.ValueTest" time="0.0"/>
  <system-out><![CDATA[]]></system-out>
  <system-err><![CDATA[]]></system-err>
</testsuite>
