<?xml version="1.0" encoding="UTF-8"?>
<testsuite name="org.openmuc.framework.datalogger.mqtt.MqttChannelLogSettingsTest" tests="3" skipped="0" failures="0" errors="0" timestamp="2025-10-21T01:39:28" hostname="shou-Dell-G15-5511" time="0.019">
  <properties/>
  <testcase name="testCorrectTopic()" classname="org.openmuc.framework.datalogger.mqtt.MqttChannelLogSettingsTest" time="0.015"/>
  <testcase name="testMissingMqttTopic()" classname="org.openmuc.framework.datalogger.mqtt.MqttChannelLogSettingsTest" time="0.003"/>
  <testcase name="testMissingMqttSettings()" classname="org.openmuc.framework.datalogger.mqtt.MqttChannelLogSettingsTest" time="0.001"/>
  <system-out><![CDATA[]]></system-out>
  <system-err><![CDATA[]]></system-err>
</testsuite>
